Arguments: 
  /usr/local/bin/node /usr/local/bin/yarn add bootstrap

PATH: 
  /Library/Frameworks/Python.framework/Versions/3.9/bin:/Users/macbook/opt/anaconda3/bin:/usr/local/bin:/usr/bin:/bin:/usr/sbin:/sbin:/Library/Apple/usr/bin:/Library/Frameworks/Mono.framework/Versions/Current/Commands:/Library/Frameworks/Python.framework/Versions/3.9/bin:/Users/macbook/opt/anaconda3/bin:/Users/macbook/Library/Android/sdk/emulator:/Users/macbook/Library/Android/sdk/tools:/Users/macbook/Library/Android/sdk/tools/bin:/Users/macbook/Library/Android/sdk/platform-tools:/Users/macbook/Library/Android/sdk/emulator:/Users/macbook/Library/Android/sdk/tools:/Users/macbook/Library/Android/sdk/tools/bin:/Users/macbook/Library/Android/sdk/platform-tools:/Users/macbook/Library/Android/sdk/emulator:/Users/macbook/Library/Android/sdk/platform-tools

Yarn version: 
  1.22.19

Node version: 
  14.17.5

Platform: 
  darwin x64

Trace: 
  SyntaxError: /Users/macbook/Downloads/Jeanne_Practice-main 2/package.json: Unexpected token < in JSON at position 2
      at JSON.parse (<anonymous>)
      at /usr/local/lib/node_modules/yarn/lib/cli.js:1629:59
      at Generator.next (<anonymous>)
      at step (/usr/local/lib/node_modules/yarn/lib/cli.js:310:30)
      at /usr/local/lib/node_modules/yarn/lib/cli.js:321:13

npm manifest: 
  {
  <<<<<<< HEAD
    "type": "module",
    "dependencies": {
      "bcrypt": "^5.0.1",
      "body-parser": "^1.19.0",
      "cookie-parser": "^1.4.5",
      "cors": "^2.8.5",
      "express": "^4.17.1",
      "jsonwebtoken": "^8.5.1",
      "mongoose": "^5.12.12"
    }
  =======
    "name": "reddit-clone-jmukakalisa",
    "version": "1.0.0",
    "description": "<<<<<<< HEAD\r # Jeanne_Practice\r =======\r >>>>>>> d1c32e3df81cf084ac4866175f172f9de0fb5b1e",
    "main": "index.js",
    "scripts": {
      "test": "react-scripts test"
    },
    "repository": {
      "type": "git",
      "url": "git+https://github.com/alu-rwa-webdev/reddit-clone-Jmukakalisa.git"
    },
    "author": "Jeanne Mukakalisa",
    "license": "ISC",
    "bugs": {
      "url": "https://github.com/alu-rwa-webdev/reddit-clone-Jmukakalisa/issues"
    },
    "homepage": "https://github.com/alu-rwa-webdev/reddit-clone-Jmukakalisa#readme"
  >>>>>>> ca90a3233109b49279120354abb5eed2862c8615
  }

yarn manifest: 
  No manifest

Lockfile: 
  No lockfile
